<?xml version='1.0' encoding='UTF-8'?>
<testsuites>
  <testsuite name="Test Suite" device="emulator-5554" tests="8" failures="8" time="228">
    <testcase id="follow_food_plan" name="follow_food_plan" classname="follow_food_plan" time="35" status="ERROR">
      <failure>Assertion is false: "Iniciar sesión" is visible</failure>
    </testcase>
    <testcase id="follow_training_plan" name="follow_training_plan" classname="follow_training_plan" time="29" status="ERROR">
      <failure>Assertion is false: "Iniciar sesión" is visible</failure>
    </testcase>
    <testcase id="like_community_post" name="like_community_post" classname="like_community_post" time="27" status="ERROR">
      <failure>Assertion is false: "Iniciar sesión" is visible</failure>
    </testcase>
    <testcase id="like_training_plan" name="like_training_plan" classname="like_training_plan" time="27" status="ERROR">
      <failure>Assertion is false: "Iniciar sesión" is visible</failure>
    </testcase>
    <testcase id="play_workout._user_stats" name="play_workout._user_stats" classname="play_workout._user_stats" time="27" status="ERROR">
      <failure>Assertion is false: "Iniciar sesión" is visible</failure>
    </testcase>
    <testcase id="update-user-info" name="update-user-info" classname="update-user-info" time="28" status="ERROR">
      <failure>Assertion is false: "Iniciar sesión" is visible</failure>
    </testcase>
    <testcase id="user_auth" name="user_auth" classname="user_auth" time="28" status="ERROR">
      <failure>Assertion is false: "Iniciar sesión" is visible</failure>
    </testcase>
    <testcase id="user_historial" name="user_historial" classname="user_historial" time="27" status="ERROR">
      <failure>Assertion is false: "Iniciar sesión" is visible</failure>
    </testcase>
  </testsuite>
</testsuites>
